<?xml version="1.0" encoding="UTF-8"?>
<!-- Generated by org.testng.reporters.JUnitReportReporter -->
<testsuite hostname="MOV95Q3WVC63RUX" name="com.lily.seleniumdemo.NewTestNG" tests="1" failures="0" timestamp="23 Aug 2017 08:40:33 GMT" time="14.942" errors="0">
  <testcase name="f" time="14.942" classname="com.lily.seleniumdemo.NewTestNG"/>
</testsuite> <!-- com.lily.seleniumdemo.NewTestNG -->
